<?xml version="1.0" encoding="UTF-8"?>
<!-- Generated by org.testng.reporters.JUnitXMLReporter -->
<testsuite hostname="DESKTOP-2VSJOD1" ignored="0" name="Test" tests="10" failures="0" timestamp="2019-11-24T22:47:19 IST" time="238.917" errors="0">
  <testcase name="newLead" time="6.845" classname="org.testleaf.leaftap.base.NewLead"/>
  <testcase name="createLead" time="14.469" classname="org.testleaf.leaftap.base.CreateLead"/>
  <testcase name="newLead" time="6.532" classname="org.testleaf.leaftap.base.NewLead"/>
  <testcase name="createLead" time="17.559" classname="org.testleaf.leaftap.base.CreateLead"/>
  <testcase name="newLead" time="5.236" classname="org.testleaf.leaftap.base.NewLead"/>
  <testcase name="newLead" time="5.697" classname="org.testleaf.leaftap.base.NewLead"/>
  <testcase name="createLead" time="14.805" classname="org.testleaf.leaftap.base.CreateLead"/>
  <testcase name="newLead" time="5.799" classname="org.testleaf.leaftap.base.NewLead"/>
  <testcase name="createLead" time="13.919" classname="org.testleaf.leaftap.base.CreateLead"/>
  <testcase name="createLead" time="11.97" classname="org.testleaf.leaftap.base.CreateLead"/>
</testsuite> <!-- Test -->
