<?xml version="1.0" encoding="UTF-8"?>
<testng-results skipped="0" failed="0" ignored="0" total="11" passed="11">
  <reporter-output>
  </reporter-output>
  <suite name="Default suite" duration-ms="261282" started-at="2019-11-30T12:57:26 IST" finished-at="2019-11-30T13:01:47 IST">
    <groups>
      <group name="cucumber">
        <method signature="AbstractTestNGCucumberTests.runScenario(cucumber.api.testng.PickleEventWrapper, cucumber.api.testng.CucumberFeatureWrapper)[pri:0, instance:Runner.Runner@1f7030a6]" name="runScenario" class="cucumber.api.testng.AbstractTestNGCucumberTests"/>
      </group> <!-- cucumber -->
    </groups>
    <test name="Default test" duration-ms="261282" started-at="2019-11-30T12:57:26 IST" finished-at="2019-11-30T13:01:47 IST">
      <class name="Runner.Runner">
        <test-method status="PASS" signature="setUpClass()[pri:0, instance:Runner.Runner@1f7030a6]" name="setUpClass" is-config="true" duration-ms="164" started-at="2019-11-30T12:57:26 IST" finished-at="2019-11-30T12:57:26 IST">
          <reporter-output>
          </reporter-output>
        </test-method> <!-- setUpClass -->
        <test-method status="PASS" signature="runScenario(cucumber.api.testng.PickleEventWrapper, cucumber.api.testng.CucumberFeatureWrapper)[pri:0, instance:Runner.Runner@1f7030a6]" name="runScenario" duration-ms="25381" started-at="2019-11-30T12:57:26 IST" description="Runs Cucumber Scenarios" data-provider="scenarios" finished-at="2019-11-30T12:57:52 IST">
          <params>
            <param index="0">
              <value>
                <![CDATA["Positive flow"]]>
              </value>
            </param>
            <param index="1">
              <value>
                <![CDATA["Logging into Leaftaps"]]>
              </value>
            </param>
          </params>
          <reporter-output>
          </reporter-output>
        </test-method> <!-- runScenario -->
        <test-method status="PASS" signature="runScenario(cucumber.api.testng.PickleEventWrapper, cucumber.api.testng.CucumberFeatureWrapper)[pri:0, instance:Runner.Runner@1f7030a6]" name="runScenario" duration-ms="21994" started-at="2019-11-30T12:57:52 IST" description="Runs Cucumber Scenarios" data-provider="scenarios" finished-at="2019-11-30T12:58:14 IST">
          <params>
            <param index="0">
              <value>
                <![CDATA["Positive flow"]]>
              </value>
            </param>
            <param index="1">
              <value>
                <![CDATA["Logging into Leaftaps"]]>
              </value>
            </param>
          </params>
          <reporter-output>
          </reporter-output>
        </test-method> <!-- runScenario -->
        <test-method status="PASS" signature="runScenario(cucumber.api.testng.PickleEventWrapper, cucumber.api.testng.CucumberFeatureWrapper)[pri:0, instance:Runner.Runner@1f7030a6]" name="runScenario" duration-ms="23454" started-at="2019-11-30T12:58:14 IST" description="Runs Cucumber Scenarios" data-provider="scenarios" finished-at="2019-11-30T12:58:37 IST">
          <params>
            <param index="0">
              <value>
                <![CDATA["Positive flow"]]>
              </value>
            </param>
            <param index="1">
              <value>
                <![CDATA["Logging into Leaftaps"]]>
              </value>
            </param>
          </params>
          <reporter-output>
          </reporter-output>
        </test-method> <!-- runScenario -->
        <test-method status="PASS" signature="runScenario(cucumber.api.testng.PickleEventWrapper, cucumber.api.testng.CucumberFeatureWrapper)[pri:0, instance:Runner.Runner@1f7030a6]" name="runScenario" duration-ms="22902" started-at="2019-11-30T12:58:37 IST" description="Runs Cucumber Scenarios" data-provider="scenarios" finished-at="2019-11-30T12:59:00 IST">
          <params>
            <param index="0">
              <value>
                <![CDATA["Positive flow"]]>
              </value>
            </param>
            <param index="1">
              <value>
                <![CDATA["Logging into Leaftaps"]]>
              </value>
            </param>
          </params>
          <reporter-output>
          </reporter-output>
        </test-method> <!-- runScenario -->
        <test-method status="PASS" signature="runScenario(cucumber.api.testng.PickleEventWrapper, cucumber.api.testng.CucumberFeatureWrapper)[pri:0, instance:Runner.Runner@1f7030a6]" name="runScenario" duration-ms="24378" started-at="2019-11-30T12:59:00 IST" description="Runs Cucumber Scenarios" data-provider="scenarios" finished-at="2019-11-30T12:59:24 IST">
          <params>
            <param index="0">
              <value>
                <![CDATA["Positive flow"]]>
              </value>
            </param>
            <param index="1">
              <value>
                <![CDATA["Logging into Leaftaps"]]>
              </value>
            </param>
          </params>
          <reporter-output>
          </reporter-output>
        </test-method> <!-- runScenario -->
        <test-method status="PASS" signature="runScenario(cucumber.api.testng.PickleEventWrapper, cucumber.api.testng.CucumberFeatureWrapper)[pri:0, instance:Runner.Runner@1f7030a6]" name="runScenario" duration-ms="23234" started-at="2019-11-30T12:59:24 IST" description="Runs Cucumber Scenarios" data-provider="scenarios" finished-at="2019-11-30T12:59:48 IST">
          <params>
            <param index="0">
              <value>
                <![CDATA["Positive flow"]]>
              </value>
            </param>
            <param index="1">
              <value>
                <![CDATA["Logging into Leaftaps"]]>
              </value>
            </param>
          </params>
          <reporter-output>
          </reporter-output>
        </test-method> <!-- runScenario -->
        <test-method status="PASS" signature="runScenario(cucumber.api.testng.PickleEventWrapper, cucumber.api.testng.CucumberFeatureWrapper)[pri:0, instance:Runner.Runner@1f7030a6]" name="runScenario" duration-ms="23368" started-at="2019-11-30T12:59:48 IST" description="Runs Cucumber Scenarios" data-provider="scenarios" finished-at="2019-11-30T13:00:11 IST">
          <params>
            <param index="0">
              <value>
                <![CDATA["Positive flow"]]>
              </value>
            </param>
            <param index="1">
              <value>
                <![CDATA["Logging into Leaftaps"]]>
              </value>
            </param>
          </params>
          <reporter-output>
          </reporter-output>
        </test-method> <!-- runScenario -->
        <test-method status="PASS" signature="runScenario(cucumber.api.testng.PickleEventWrapper, cucumber.api.testng.CucumberFeatureWrapper)[pri:0, instance:Runner.Runner@1f7030a6]" name="runScenario" duration-ms="24371" started-at="2019-11-30T13:00:11 IST" description="Runs Cucumber Scenarios" data-provider="scenarios" finished-at="2019-11-30T13:00:35 IST">
          <params>
            <param index="0">
              <value>
                <![CDATA["Positive flow"]]>
              </value>
            </param>
            <param index="1">
              <value>
                <![CDATA["Logging into Leaftaps"]]>
              </value>
            </param>
          </params>
          <reporter-output>
          </reporter-output>
        </test-method> <!-- runScenario -->
        <test-method status="PASS" signature="runScenario(cucumber.api.testng.PickleEventWrapper, cucumber.api.testng.CucumberFeatureWrapper)[pri:0, instance:Runner.Runner@1f7030a6]" name="runScenario" duration-ms="24460" started-at="2019-11-30T13:00:35 IST" description="Runs Cucumber Scenarios" data-provider="scenarios" finished-at="2019-11-30T13:01:00 IST">
          <params>
            <param index="0">
              <value>
                <![CDATA["Positive flow"]]>
              </value>
            </param>
            <param index="1">
              <value>
                <![CDATA["Logging into Leaftaps"]]>
              </value>
            </param>
          </params>
          <reporter-output>
          </reporter-output>
        </test-method> <!-- runScenario -->
        <test-method status="PASS" signature="runScenario(cucumber.api.testng.PickleEventWrapper, cucumber.api.testng.CucumberFeatureWrapper)[pri:0, instance:Runner.Runner@1f7030a6]" name="runScenario" duration-ms="23525" started-at="2019-11-30T13:01:00 IST" description="Runs Cucumber Scenarios" data-provider="scenarios" finished-at="2019-11-30T13:01:23 IST">
          <params>
            <param index="0">
              <value>
                <![CDATA["Positive flow"]]>
              </value>
            </param>
            <param index="1">
              <value>
                <![CDATA["Logging into Leaftaps"]]>
              </value>
            </param>
          </params>
          <reporter-output>
          </reporter-output>
        </test-method> <!-- runScenario -->
        <test-method status="PASS" signature="runScenario(cucumber.api.testng.PickleEventWrapper, cucumber.api.testng.CucumberFeatureWrapper)[pri:0, instance:Runner.Runner@1f7030a6]" name="runScenario" duration-ms="23846" started-at="2019-11-30T13:01:23 IST" description="Runs Cucumber Scenarios" data-provider="scenarios" finished-at="2019-11-30T13:01:47 IST">
          <params>
            <param index="0">
              <value>
                <![CDATA["Positive flow"]]>
              </value>
            </param>
            <param index="1">
              <value>
                <![CDATA["Logging into Leaftaps"]]>
              </value>
            </param>
          </params>
          <reporter-output>
          </reporter-output>
        </test-method> <!-- runScenario -->
        <test-method status="PASS" signature="tearDownClass()[pri:0, instance:Runner.Runner@1f7030a6]" name="tearDownClass" is-config="true" duration-ms="30" started-at="2019-11-30T13:01:47 IST" finished-at="2019-11-30T13:01:47 IST">
          <reporter-output>
          </reporter-output>
        </test-method> <!-- tearDownClass -->
      </class> <!-- Runner.Runner -->
    </test> <!-- Default test -->
  </suite> <!-- Default suite -->
</testng-results>
